{"$message_type":"diagnostic","message":"linking with `cc` failed: exit status: 1","code":null,"level":"error","spans":[],"children":[{"message":" \"cc\" \"-m64\" \"/workspaces/qunix/target/debug/deps/rustcPyQX2b/symbols.o\" \"<3 object files omitted>\" \"-Wl,--as-needed\" \"-Wl,-Bstatic\" \"/workspaces/qunix/target/debug/deps/{libqunix-c36d29a7c216ae6b,libpc_keyboard-f83f815df244839a,libuart_16550-daa6431c4d64012b,libbitflags-2b39a5b6c238e1a8,liblinked_list_allocator-867766f19efa28ee,libspinning_top-a38bd435d0db7fd2,libpic8259-2b6e51c99b7ace7b,liblazy_static-06d666364f8187a9,libspin-ab01c4b255665c87,liblock_api-137d6df67650c97c,libscopeguard-a7ee921b4b3618f2,libx86_64-7930523ee0123a46,libvolatile-28e617217a8b7f17,libbitflags-da764f76bf731fd5,libbit_field-64ba15b2f9a00417,libbootloader-8a56110e2bda84dc}.rlib\" \"<sysroot>/lib/rustlib/x86_64-unknown-linux-gnu/lib/{liballoc-*,libcore-*,libcompiler_builtins-*}.rlib\" \"-L\" \"/workspaces/qunix/target/debug/deps/rustcPyQX2b/raw-dylibs\" \"-Wl,-Bdynamic\" \"-B<sysroot>/lib/rustlib/x86_64-unknown-linux-gnu/bin/gcc-ld\" \"-fuse-ld=lld\" \"-Wl,--eh-frame-hdr\" \"-Wl,-z,noexecstack\" \"-L\" \"<sysroot>/lib/rustlib/x86_64-unknown-linux-gnu/lib\" \"-o\" \"/workspaces/qunix/target/debug/deps/qunix-cb39d7c1ecca3c26\" \"-Wl,--gc-sections\" \"-pie\" \"-Wl,-z,relro,-z,now\" \"-nodefaultlibs\"","code":null,"level":"note","spans":[],"children":[],"rendered":null},{"message":"some arguments are omitted. use `--verbose` to show all linker arguments","code":null,"level":"note","spans":[],"children":[],"rendered":null},{"message":"rust-lld: error: duplicate symbol: _start\n>>> defined at /usr/lib/gcc/x86_64-linux-gnu/13/../../../x86_64-linux-gnu/Scrt1.o:(_start)\n>>> defined at lib.rs:35 (/home/codespace/.cargo/registry/src/index.crates.io-1949cf8c6b5b557f/bootloader-0.9.33/src/lib.rs:35)\n>>>            /workspaces/qunix/target/debug/deps/qunix-cb39d7c1ecca3c26.0zhf1plafwl5tfugp0dg4m7zs.0wjgn1z.rcgu.o:(.text._start+0x0)\ncollect2: error: ld returned 1 exit status\n","code":null,"level":"note","spans":[],"children":[],"rendered":null}],"rendered":"\u001b[1m\u001b[91merror\u001b[0m\u001b[1m: linking with `cc` failed: exit status: 1\u001b[0m\n  \u001b[1m\u001b[94m|\u001b[0m\n  \u001b[1m\u001b[94m= \u001b[0m\u001b[1mnote\u001b[0m:  \"cc\" \"-m64\" \"/workspaces/qunix/target/debug/deps/rustcPyQX2b/symbols.o\" \"<3 object files omitted>\" \"-Wl,--as-needed\" \"-Wl,-Bstatic\" \"/workspaces/qunix/target/debug/deps/{libqunix-c36d29a7c216ae6b,libpc_keyboard-f83f815df244839a,libuart_16550-daa6431c4d64012b,libbitflags-2b39a5b6c238e1a8,liblinked_list_allocator-867766f19efa28ee,libspinning_top-a38bd435d0db7fd2,libpic8259-2b6e51c99b7ace7b,liblazy_static-06d666364f8187a9,libspin-ab01c4b255665c87,liblock_api-137d6df67650c97c,libscopeguard-a7ee921b4b3618f2,libx86_64-7930523ee0123a46,libvolatile-28e617217a8b7f17,libbitflags-da764f76bf731fd5,libbit_field-64ba15b2f9a00417,libbootloader-8a56110e2bda84dc}.rlib\" \"<sysroot>/lib/rustlib/x86_64-unknown-linux-gnu/lib/{liballoc-*,libcore-*,libcompiler_builtins-*}.rlib\" \"-L\" \"/workspaces/qunix/target/debug/deps/rustcPyQX2b/raw-dylibs\" \"-Wl,-Bdynamic\" \"-B<sysroot>/lib/rustlib/x86_64-unknown-linux-gnu/bin/gcc-ld\" \"-fuse-ld=lld\" \"-Wl,--eh-frame-hdr\" \"-Wl,-z,noexecstack\" \"-L\" \"<sysroot>/lib/rustlib/x86_64-unknown-linux-gnu/lib\" \"-o\" \"/workspaces/qunix/target/debug/deps/qunix-cb39d7c1ecca3c26\" \"-Wl,--gc-sections\" \"-pie\" \"-Wl,-z,relro,-z,now\" \"-nodefaultlibs\"\n  \u001b[1m\u001b[94m= \u001b[0m\u001b[1mnote\u001b[0m: some arguments are omitted. use `--verbose` to show all linker arguments\n  \u001b[1m\u001b[94m= \u001b[0m\u001b[1mnote\u001b[0m: rust-lld: error: duplicate symbol: _start\n          >>> defined at /usr/lib/gcc/x86_64-linux-gnu/13/../../../x86_64-linux-gnu/Scrt1.o:(_start)\n          >>> defined at lib.rs:35 (/home/codespace/.cargo/registry/src/index.crates.io-1949cf8c6b5b557f/bootloader-0.9.33/src/lib.rs:35)\n          >>>            /workspaces/qunix/target/debug/deps/qunix-cb39d7c1ecca3c26.0zhf1plafwl5tfugp0dg4m7zs.0wjgn1z.rcgu.o:(.text._start+0x0)\n          collect2: error: ld returned 1 exit status\n          \n\n"}
{"$message_type":"diagnostic","message":"aborting due to 1 previous error","code":null,"level":"error","spans":[],"children":[],"rendered":"\u001b[1m\u001b[91merror\u001b[0m\u001b[1m: aborting due to 1 previous error\u001b[0m\n\n"}
